[debug] [2026-03-09T06:09:13.757Z] ----------------------------------------------------------------------
[debug] [2026-03-09T06:09:13.761Z] Command:       C:\Program Files\nodejs\node.exe C:\Users\Admin\AppData\Roaming\npm\node_modules\firebase-tools\lib\bin\firebase.js deploy --only hosting
[debug] [2026-03-09T06:09:13.761Z] CLI Version:   15.5.1
[debug] [2026-03-09T06:09:13.761Z] Platform:      win32
[debug] [2026-03-09T06:09:13.761Z] Node Version:  v24.13.0
[debug] [2026-03-09T06:09:13.762Z] Time:          Mon Mar 09 2026 02:09:13 GMT-0400 (hora de Venezuela)
[debug] [2026-03-09T06:09:13.762Z] ----------------------------------------------------------------------
[debug] 
[debug] [2026-03-09T06:09:18.837Z] Object "/storage" in "firebase.json" has unknown property: {"additionalProperty":"bucket"}
[debug] [2026-03-09T06:09:18.837Z] Field "/storage" in "firebase.json" is possibly invalid: must be array
[debug] [2026-03-09T06:09:18.838Z] Field "/storage" in "firebase.json" is possibly invalid: must match a schema in anyOf
[debug] [2026-03-09T06:09:18.842Z] > command requires scopes: ["email","openid","https://www.googleapis.com/auth/cloudplatformprojects.readonly","https://www.googleapis.com/auth/firebase","https://www.googleapis.com/auth/cloud-platform"]
[debug] [2026-03-09T06:09:18.842Z] > authorizing via signed-in user (cdanielblancomartinez@gmail.com)
[debug] [2026-03-09T06:09:18.842Z] [iam] checking project abstract-ring-466603-i7 for permissions ["firebase.projects.get","firebasehosting.sites.update"]
[debug] [2026-03-09T06:09:18.843Z] Checked if tokens are valid: false, expires at: 1773036588438
[debug] [2026-03-09T06:09:18.844Z] Checked if tokens are valid: false, expires at: 1773036588438
[debug] [2026-03-09T06:09:18.844Z] > refreshing access token with scopes: []
[debug] [2026-03-09T06:09:18.846Z] >>> [apiv2][query] POST https://www.googleapis.com/oauth2/v3/token [none]
[debug] [2026-03-09T06:09:18.846Z] >>> [apiv2][body] POST https://www.googleapis.com/oauth2/v3/token [omitted]
[debug] [2026-03-09T06:09:42.835Z] *** [apiv2] error from fetch(https://www.googleapis.com/oauth2/v3/token, {"headers":{},"method":"POST","body":{"_overheadLength":545,"_valueLength":212,"_valuesToMeasure":[],"writable":false,"readable":true,"dataSize":0,"maxDataSize":2097152,"pauseStreams":true,"_released":true,"_streams":[],"_currentStream":null,"_insideLoop":false,"_pendingNext":false,"_boundary":"--------------------------f71e2a0afc37783f7bdb6cf9","_events":{},"_eventsCount":1}}): FetchError: request to https://www.googleapis.com/oauth2/v3/token failed, reason: 
[error] Authentication Error: Your credentials are no longer valid. Please run firebase login --reauth

For CI servers and headless environments, generate a new token with firebase login:ci
[debug] [2026-03-09T06:09:42.836Z] [iam] error while checking permissions, command may fail: Authentication Error: Your credentials are no longer valid. Please run firebase login --reauth

For CI servers and headless environments, generate a new token with firebase login:ci
[debug] [2026-03-09T06:09:42.837Z] Checked if tokens are valid: false, expires at: 1773036588438
[debug] [2026-03-09T06:09:42.837Z] Checked if tokens are valid: false, expires at: 1773036588438
[debug] [2026-03-09T06:09:42.837Z] > refreshing access token with scopes: []
[debug] [2026-03-09T06:09:42.837Z] >>> [apiv2][query] POST https://www.googleapis.com/oauth2/v3/token [none]
[debug] [2026-03-09T06:09:42.838Z] >>> [apiv2][body] POST https://www.googleapis.com/oauth2/v3/token [omitted]
[debug] [2026-03-09T06:10:06.766Z] *** [apiv2] error from fetch(https://www.googleapis.com/oauth2/v3/token, {"headers":{},"method":"POST","body":{"_overheadLength":545,"_valueLength":212,"_valuesToMeasure":[],"writable":false,"readable":true,"dataSize":0,"maxDataSize":2097152,"pauseStreams":true,"_released":true,"_streams":[],"_currentStream":null,"_insideLoop":false,"_pendingNext":false,"_boundary":"--------------------------d64d031051479df580fdb327","_events":{},"_eventsCount":1}}): FetchError: request to https://www.googleapis.com/oauth2/v3/token failed, reason: 
[error] Authentication Error: Your credentials are no longer valid. Please run firebase login --reauth

For CI servers and headless environments, generate a new token with firebase login:ci
[debug] [2026-03-09T06:10:06.766Z] Authentication Error: Your credentials are no longer valid. Please run firebase login --reauth

For CI servers and headless environments, generate a new token with firebase login:ci
[info] 
[info] === Deploying to 'abstract-ring-466603-i7'...
[info] 
[info] i  deploying hosting 
[debug] [2026-03-09T06:10:06.777Z] Checked if tokens are valid: false, expires at: 1773036588438
[debug] [2026-03-09T06:10:06.777Z] Checked if tokens are valid: false, expires at: 1773036588438
[debug] [2026-03-09T06:10:06.777Z] > refreshing access token with scopes: []
[debug] [2026-03-09T06:10:06.777Z] >>> [apiv2][query] POST https://www.googleapis.com/oauth2/v3/token [none]
[debug] [2026-03-09T06:10:06.777Z] >>> [apiv2][body] POST https://www.googleapis.com/oauth2/v3/token [omitted]
[debug] [2026-03-09T06:10:30.732Z] *** [apiv2] error from fetch(https://www.googleapis.com/oauth2/v3/token, {"headers":{},"method":"POST","body":{"_overheadLength":545,"_valueLength":212,"_valuesToMeasure":[],"writable":false,"readable":true,"dataSize":0,"maxDataSize":2097152,"pauseStreams":true,"_released":true,"_streams":[],"_currentStream":null,"_insideLoop":false,"_pendingNext":false,"_boundary":"--------------------------8ce3252bee38aca68b8312b5","_events":{},"_eventsCount":1}}): FetchError: request to https://www.googleapis.com/oauth2/v3/token failed, reason: 
[error] Authentication Error: Your credentials are no longer valid. Please run firebase login --reauth

For CI servers and headless environments, generate a new token with firebase login:ci
[debug] [2026-03-09T06:10:35.745Z] Error: Timed out.
    at Timeout._onTimeout (C:\Users\Admin\AppData\Roaming\npm\node_modules\firebase-tools\lib\utils.js:308:49)
    at listOnTimeout (node:internal/timers:605:17)
    at process.processTimers (node:internal/timers:541:7)
[error] 
[error] Error: An unexpected error has occurred.
